0 info it worked if it ends with ok
1 verbose cli [ 'C:\\Program Files\\nodejs\\node.exe',
1 verbose cli   'C:\\Program Files\\nodejs\\node_modules\\npm\\bin\\npm-cli.js',
1 verbose cli   'install',
1 verbose cli   'aurelia-fetch-client',
1 verbose cli   '–s' ]
2 info using npm@3.10.10
3 info using node@v6.11.3
4 silly loadCurrentTree Starting
5 silly install loadCurrentTree
6 silly install readLocalPackageData
7 silly fetchPackageMetaData aurelia-fetch-client
8 silly fetchPackageMetaData –s
9 silly fetchNamedPackageData aurelia-fetch-client
10 silly mapToRegistry name aurelia-fetch-client
11 silly mapToRegistry using default registry
12 silly mapToRegistry registry https://registry.npmjs.org/
13 silly mapToRegistry data Result {
13 silly mapToRegistry   raw: 'aurelia-fetch-client',
13 silly mapToRegistry   scope: null,
13 silly mapToRegistry   escapedName: 'aurelia-fetch-client',
13 silly mapToRegistry   name: 'aurelia-fetch-client',
13 silly mapToRegistry   rawSpec: '',
13 silly mapToRegistry   spec: 'latest',
13 silly mapToRegistry   type: 'tag' }
14 silly mapToRegistry uri https://registry.npmjs.org/aurelia-fetch-client
15 silly fetchOtherPackageData –s
16 silly cache add args [ '–s', null ]
17 verbose cache add spec –s
18 verbose request uri https://registry.npmjs.org/aurelia-fetch-client
19 verbose request no auth needed
20 info attempt registry request try #1 at 6:35:52 PM
21 verbose request id 6d3e6afe145de297
22 http request GET https://registry.npmjs.org/aurelia-fetch-client
23 info retry will retry, error on last attempt: TypeError: The header content contains invalid characters
24 silly cache add parsed spec Result {
24 silly cache add   raw: '–s',
24 silly cache add   scope: null,
24 silly cache add   escapedName: null,
24 silly cache add   name: null,
24 silly cache add   rawSpec: '–s',
24 silly cache add   spec: 'C:\\Users\\Snipp\\Desktop\\Node Project\\Todo\\Client\\src\\resources\\data\\–s',
24 silly cache add   type: 'local' }
25 error addLocal Could not install C:\Users\Snipp\Desktop\Node Project\Todo\Client\src\resources\data\–s
26 silly fetchPackageMetaData Error: ENOENT: no such file or directory, open 'C:\Users\Snipp\Desktop\Node Project\Todo\Client\src\resources\data\–s'
26 silly fetchPackageMetaData     at Error (native)
26 silly fetchPackageMetaData  error for –s { Error: ENOENT: no such file or directory, open 'C:\Users\Snipp\Desktop\Node Project\Todo\Client\src\resources\data\–s'
26 silly fetchPackageMetaData     at Error (native)
26 silly fetchPackageMetaData   errno: -4058,
26 silly fetchPackageMetaData   code: 'ENOENT',
26 silly fetchPackageMetaData   syscall: 'open',
26 silly fetchPackageMetaData   path: 'C:\\Users\\Snipp\\Desktop\\Node Project\\Todo\\Client\\src\\resources\\data\\–s' }
27 info attempt registry request try #2 at 6:36:02 PM
28 http request GET https://registry.npmjs.org/aurelia-fetch-client
29 info retry will retry, error on last attempt: TypeError: The header content contains invalid characters
30 info attempt registry request try #3 at 6:37:02 PM
31 http request GET https://registry.npmjs.org/aurelia-fetch-client
32 silly fetchPackageMetaData TypeError: The header content contains invalid characters
32 silly fetchPackageMetaData     at ClientRequest.OutgoingMessage.setHeader (_http_outgoing.js:359:11)
32 silly fetchPackageMetaData     at new ClientRequest (_http_client.js:85:14)
32 silly fetchPackageMetaData     at Object.exports.request (http.js:31:10)
32 silly fetchPackageMetaData     at Object.exports.request (https.js:202:15)
32 silly fetchPackageMetaData     at Request.start (C:\Program Files\nodejs\node_modules\npm\node_modules\request\request.js:740:32)
32 silly fetchPackageMetaData     at Request.end (C:\Program Files\nodejs\node_modules\npm\node_modules\request\request.js:1398:10)
32 silly fetchPackageMetaData     at end (C:\Program Files\nodejs\node_modules\npm\node_modules\request\request.js:567:14)
32 silly fetchPackageMetaData     at Immediate.<anonymous> (C:\Program Files\nodejs\node_modules\npm\node_modules\request\request.js:581:7)
32 silly fetchPackageMetaData     at runCallback (timers.js:672:20)
32 silly fetchPackageMetaData     at tryOnImmediate (timers.js:645:5)
32 silly fetchPackageMetaData  error for aurelia-fetch-client TypeError: The header content contains invalid characters
32 silly fetchPackageMetaData     at ClientRequest.OutgoingMessage.setHeader (_http_outgoing.js:359:11)
32 silly fetchPackageMetaData     at new ClientRequest (_http_client.js:85:14)
32 silly fetchPackageMetaData     at Object.exports.request (http.js:31:10)
32 silly fetchPackageMetaData     at Object.exports.request (https.js:202:15)
32 silly fetchPackageMetaData     at Request.start (C:\Program Files\nodejs\node_modules\npm\node_modules\request\request.js:740:32)
32 silly fetchPackageMetaData     at Request.end (C:\Program Files\nodejs\node_modules\npm\node_modules\request\request.js:1398:10)
32 silly fetchPackageMetaData     at end (C:\Program Files\nodejs\node_modules\npm\node_modules\request\request.js:567:14)
32 silly fetchPackageMetaData     at Immediate.<anonymous> (C:\Program Files\nodejs\node_modules\npm\node_modules\request\request.js:581:7)
32 silly fetchPackageMetaData     at runCallback (timers.js:672:20)
32 silly fetchPackageMetaData     at tryOnImmediate (timers.js:645:5)
33 silly rollbackFailedOptional Starting
34 silly rollbackFailedOptional Finishing
35 silly runTopLevelLifecycles Finishing
36 silly install printInstalled
37 verbose stack Error: ENOENT: no such file or directory, open 'C:\Users\Snipp\Desktop\Node Project\Todo\Client\src\resources\data\–s'
37 verbose stack     at Error (native)
38 verbose cwd C:\Users\Snipp\Desktop\Node Project\Todo\Client\src\resources\data
39 error Windows_NT 10.0.15063
40 error argv "C:\\Program Files\\nodejs\\node.exe" "C:\\Program Files\\nodejs\\node_modules\\npm\\bin\\npm-cli.js" "install" "aurelia-fetch-client" "–s"
41 error node v6.11.3
42 error npm  v3.10.10
43 error path C:\Users\Snipp\Desktop\Node Project\Todo\Client\src\resources\data\–s
44 error code ENOENT
45 error errno -4058
46 error syscall open
47 error enoent ENOENT: no such file or directory, open 'C:\Users\Snipp\Desktop\Node Project\Todo\Client\src\resources\data\–s'
48 error enoent ENOENT: no such file or directory, open 'C:\Users\Snipp\Desktop\Node Project\Todo\Client\src\resources\data\–s'
48 error enoent This is most likely not a problem with npm itself
48 error enoent and is related to npm not being able to find a file.
49 verbose exit [ -4058, true ]
